0 info it worked if it ends with ok
1 verbose cli [ '/usr/local/Cellar/node/0.10.7/bin/node',
1 verbose cli   '/usr/local/bin/npm',
1 verbose cli   'install',
1 verbose cli   'node' ]
2 info using npm@1.2.21
3 info using node@v0.10.7
4 verbose read json /Users/nicam/www/angular-sbb/package.json
5 verbose read json /Users/nicam/www/angular-sbb/node_modules/node/package.json
6 warn package.json node@0.0.0 No repository field.
7 verbose from cache /Users/nicam/www/angular-sbb/package.json
8 verbose readDependencies using package.json deps
9 verbose cache add [ 'node', null ]
10 verbose cache add name=undefined spec="node" args=["node",null]
11 verbose parsed url { protocol: null,
11 verbose parsed url   slashes: null,
11 verbose parsed url   auth: null,
11 verbose parsed url   host: null,
11 verbose parsed url   port: null,
11 verbose parsed url   hostname: null,
11 verbose parsed url   hash: null,
11 verbose parsed url   search: null,
11 verbose parsed url   query: null,
11 verbose parsed url   pathname: 'node',
11 verbose parsed url   path: 'node',
11 verbose parsed url   href: 'node' }
12 silly lockFile f8e966d1-node node
13 verbose lock node /Users/nicam/.npm/f8e966d1-node.lock
14 silly lockFile f8e966d1-node node
15 silly lockFile f8e966d1-node node
16 verbose addNamed [ 'node', '' ]
17 verbose addNamed [ null, '' ]
18 silly lockFile bccd7aa1-node node@
19 verbose lock node@ /Users/nicam/.npm/bccd7aa1-node.lock
20 silly addNameRange { name: 'node', range: '', hasData: false }
21 verbose registry.get node not expired, no request
22 silly addNameRange number 2 { name: 'node', range: '', hasData: true }
23 silly addNameRange versions [ 'node', [ '0.0.0' ] ]
24 verbose addNamed [ 'node', '0.0.0' ]
25 verbose addNamed [ '0.0.0', '0.0.0' ]
26 silly lockFile c321b6ea-node-0-0-0 node@0.0.0
27 verbose lock node@0.0.0 /Users/nicam/.npm/c321b6ea-node-0-0-0.lock
28 warn deprecated node@0.0.0: To update or install node, go to http://nodejs.org/
29 verbose read json /Users/nicam/.npm/node/0.0.0/package/package.json
30 silly lockFile c321b6ea-node-0-0-0 node@0.0.0
31 silly lockFile c321b6ea-node-0-0-0 node@0.0.0
32 silly lockFile bccd7aa1-node node@
33 silly lockFile bccd7aa1-node node@
34 silly resolved [ { name: 'node',
34 silly resolved     version: '0.0.0',
34 silly resolved     readme: 'ERROR: No README data found!',
34 silly resolved     _id: 'node@0.0.0',
34 silly resolved     _from: 'node@' } ]
35 info install node@0.0.0 into /Users/nicam/www/angular-sbb
36 info installOne node@0.0.0
37 verbose from cache /Users/nicam/.npm/node/0.0.0/package/package.json
38 info /Users/nicam/www/angular-sbb/node_modules/node unbuild
39 verbose from cache /Users/nicam/www/angular-sbb/node_modules/node/package.json
40 info preuninstall node@0.0.0
41 info uninstall node@0.0.0
42 verbose true,/Users/nicam/www/angular-sbb/node_modules,/Users/nicam/www/angular-sbb/node_modules unbuild node@0.0.0
43 info postuninstall node@0.0.0
44 verbose tar unpack /Users/nicam/.npm/node/0.0.0/package.tgz
45 silly lockFile 6d6da41a-ww-angular-sbb-node-modules-node /Users/nicam/www/angular-sbb/node_modules/node
46 verbose lock /Users/nicam/www/angular-sbb/node_modules/node /Users/nicam/.npm/6d6da41a-ww-angular-sbb-node-modules-node.lock
47 silly lockFile f82dd433-nicam-npm-node-0-0-0-package-tgz /Users/nicam/.npm/node/0.0.0/package.tgz
48 verbose lock /Users/nicam/.npm/node/0.0.0/package.tgz /Users/nicam/.npm/f82dd433-nicam-npm-node-0-0-0-package-tgz.lock
49 silly gunzTarPerm modes [ '755', '644' ]
50 silly gunzTarPerm extractEntry package.json
51 verbose read json /Users/nicam/www/angular-sbb/node_modules/node/package.json
52 silly lockFile 6d6da41a-ww-angular-sbb-node-modules-node /Users/nicam/www/angular-sbb/node_modules/node
53 silly lockFile 6d6da41a-ww-angular-sbb-node-modules-node /Users/nicam/www/angular-sbb/node_modules/node
54 silly lockFile f82dd433-nicam-npm-node-0-0-0-package-tgz /Users/nicam/.npm/node/0.0.0/package.tgz
55 silly lockFile f82dd433-nicam-npm-node-0-0-0-package-tgz /Users/nicam/.npm/node/0.0.0/package.tgz
56 info preinstall node@0.0.0
57 verbose from cache /Users/nicam/www/angular-sbb/node_modules/node/package.json
58 verbose readDependencies using package.json deps
59 verbose from cache /Users/nicam/www/angular-sbb/node_modules/node/package.json
60 verbose readDependencies using package.json deps
61 silly resolved []
62 verbose about to build /Users/nicam/www/angular-sbb/node_modules/node
63 info build /Users/nicam/www/angular-sbb/node_modules/node
64 verbose from cache /Users/nicam/www/angular-sbb/node_modules/node/package.json
65 verbose linkStuff [ false,
65 verbose linkStuff   false,
65 verbose linkStuff   false,
65 verbose linkStuff   '/Users/nicam/www/angular-sbb/node_modules' ]
66 info linkStuff node@0.0.0
67 verbose from cache /Users/nicam/www/angular-sbb/package.json
68 error TypeError: Object.keys called on non-object
68 error     at Function.keys (native)
68 error     at /usr/local/Cellar/node/0.10.7/lib/node_modules/npm/lib/build.js:111:18
68 error     at process._tickCallback (node.js:415:13)
69 error If you need help, you may report this log at:
69 error     <http://github.com/isaacs/npm/issues>
69 error or email it to:
69 error     <npm-@googlegroups.com>
70 error System Darwin 13.0.0
71 error command "/usr/local/Cellar/node/0.10.7/bin/node" "/usr/local/bin/npm" "install" "node"
72 error cwd /Users/nicam/www/angular-sbb
73 error node -v v0.10.7
74 error npm -v 1.2.21
75 error type called_on_non_object
76 verbose exit [ 1, true ]
